<?xml version="1.0" encoding="UTF-8"?>
<!-- Generated by org.testng.reporters.JUnitReportReporter -->
<testsuite hostname="VLN-01-L-198" failures="0" tests="1" name="com.ui.test.MutualFound" time="120.325" errors="1" timestamp="2026-06-22T15:40:08 IST" skipped="0">
  <testcase classname="com.ui.test.MutualFound" name="MutualFoundLoginCheck" time="120.325">
    <error message="Expected condition failed: waiting for element found by AppiumBy.androidUIAutomator: new UiSelector().text(&quot;Male&quot;) to be clickable, but the element was not found: org.openqa.selenium.NoSuchElementException: An element could not be located on the page using the given search parameters..
(tried for 20 seconds with 500 milliseconds interval)
Build info: version: &#039;4.45.0&#039;, revision: &#039;cd6a3cd cd6a3cdfca6970f62e5bc8344109d0fe0e2af05e&#039;
System info: os.name: &#039;Windows 11&#039;, os.arch: &#039;amd64&#039;, os.version: &#039;10.0&#039;, java.version: &#039;21.0.11&#039;
Driver info: io.appium.java_client.android.AndroidDriver
Capabilities {appium:appActivity: com.valuenable.las.MainActi..., appium:appPackage: com.valuenable.las.dev, appium:autoWebview: false, appium:automationName: UiAutomator2, appium:chromedriverAutodownload: true, appium:chromedriverExecutable: C:\Users\umesh.k\Downloads\..., appium:databaseEnabled: false, appium:desired: {appActivity: com.valuenable.las.MainActi..., appPackage: com.valuenable.las.dev, autoWebview: false, automationName: UiAutomator2, chromedriverAutodownload: true, chromedriverExecutable: C:\Users\umesh.k\Downloads\..., deviceName: Android, ensureWebviewsHavePages: true, noReset: true, platformName: ANDROID, udid: 9b010059305331323800d45b3428c0}, appium:deviceApiLevel: 35, appium:deviceManufacturer: Xiaomi, appium:deviceModel: 25028PC03I, appium:deviceName: 9b010059305331323800d45b3428c0, appium:deviceScreenDensity: 320, appium:deviceScreenSize: 720x1640, appium:deviceUDID: 9b010059305331323800d45b3428c0, appium:ensureWebviewsHavePages: true, appium:javascriptEnabled: true, appium:locationContextEnabled: false, appium:networkConnectionEnabled: true, appium:noReset: true, appium:pixelRatio: 2, appium:platformVersion: 15, appium:statBarHeight: 68, appium:takesScreenshot: true, appium:udid: 9b010059305331323800d45b3428c0, appium:viewportRect: {height: 1572, left: 0, top: 68, width: 720}, appium:warnings: {}, appium:webStorageEnabled: false, platformName: ANDROID}
Session ID: e4ad87f1-cb68-4b2c-94c3-ff58429bf962" type="org.openqa.selenium.TimeoutException">
      <![CDATA[org.openqa.selenium.TimeoutException: Expected condition failed: waiting for element found by AppiumBy.androidUIAutomator: new UiSelector().text("Male") to be clickable, but the element was not found: org.openqa.selenium.NoSuchElementException: An element could not be located on the page using the given search parameters..
(tried for 20 seconds with 500 milliseconds interval)
Build info: version: '4.45.0', revision: 'cd6a3cd cd6a3cdfca6970f62e5bc8344109d0fe0e2af05e'
System info: os.name: 'Windows 11', os.arch: 'amd64', os.version: '10.0', java.version: '21.0.11'
Driver info: io.appium.java_client.android.AndroidDriver
Capabilities {appium:appActivity: com.valuenable.las.MainActi..., appium:appPackage: com.valuenable.las.dev, appium:autoWebview: false, appium:automationName: UiAutomator2, appium:chromedriverAutodownload: true, appium:chromedriverExecutable: C:\Users\umesh.k\Downloads\..., appium:databaseEnabled: false, appium:desired: {appActivity: com.valuenable.las.MainActi..., appPackage: com.valuenable.las.dev, autoWebview: false, automationName: UiAutomator2, chromedriverAutodownload: true, chromedriverExecutable: C:\Users\umesh.k\Downloads\..., deviceName: Android, ensureWebviewsHavePages: true, noReset: true, platformName: ANDROID, udid: 9b010059305331323800d45b3428c0}, appium:deviceApiLevel: 35, appium:deviceManufacturer: Xiaomi, appium:deviceModel: 25028PC03I, appium:deviceName: 9b010059305331323800d45b3428c0, appium:deviceScreenDensity: 320, appium:deviceScreenSize: 720x1640, appium:deviceUDID: 9b010059305331323800d45b3428c0, appium:ensureWebviewsHavePages: true, appium:javascriptEnabled: true, appium:locationContextEnabled: false, appium:networkConnectionEnabled: true, appium:noReset: true, appium:pixelRatio: 2, appium:platformVersion: 15, appium:statBarHeight: 68, appium:takesScreenshot: true, appium:udid: 9b010059305331323800d45b3428c0, appium:viewportRect: {height: 1572, left: 0, top: 68, width: 720}, appium:warnings: {}, appium:webStorageEnabled: false, platformName: ANDROID}
Session ID: e4ad87f1-cb68-4b2c-94c3-ff58429bf962
at org.openqa.selenium.support.ui.WebDriverWait.timeoutException(WebDriverWait.java:85)
at org.openqa.selenium.support.ui.FluentWait.until(FluentWait.java:234)
at com.ui.utility.MobileUtility.clickOn(MobileUtility.java:152)
at com.ui.utility.MobileUtility.selectFromDropdown(MobileUtility.java:257)
at com.ui.pages.BFLKycVerificationPage.enterPersonalDetails(BFLKycVerificationPage.java:112)
at com.ui.test.MutualFound.MutualFoundLoginCheck(MutualFound.java:48)
at java.base/jdk.internal.reflect.DirectMethodHandleAccessor.invoke(DirectMethodHandleAccessor.java:103)
at java.base/java.lang.reflect.Method.invoke(Method.java:580)
at org.testng.internal.invokers.MethodInvocationHelper.invokeMethod(MethodInvocationHelper.java:141)
at org.testng.internal.invokers.TestInvoker.invokeMethod(TestInvoker.java:686)
at org.testng.internal.invokers.TestInvoker.invokeTestMethod(TestInvoker.java:230)
at org.testng.internal.invokers.MethodRunner.runInSequence(MethodRunner.java:63)
at org.testng.internal.invokers.TestInvoker$MethodInvocationAgent.invoke(TestInvoker.java:992)
at org.testng.internal.invokers.TestInvoker.invokeTestMethods(TestInvoker.java:203)
at org.testng.internal.invokers.TestMethodWorker.invokeTestMethods(TestMethodWorker.java:154)
at org.testng.internal.invokers.TestMethodWorker.run(TestMethodWorker.java:134)
at java.base/java.util.ArrayList.forEach(ArrayList.java:1596)
at org.testng.TestRunner.privateRun(TestRunner.java:739)
at org.testng.TestRunner.run(TestRunner.java:614)
at org.testng.SuiteRunner.runTest(SuiteRunner.java:421)
at org.testng.SuiteRunner.runSequentially(SuiteRunner.java:413)
at org.testng.SuiteRunner.privateRun(SuiteRunner.java:373)
at org.testng.SuiteRunner.run(SuiteRunner.java:312)
at org.testng.SuiteRunnerWorker.runSuite(SuiteRunnerWorker.java:52)
at org.testng.SuiteRunnerWorker.run(SuiteRunnerWorker.java:95)
at org.testng.TestNG.runSuitesSequentially(TestNG.java:1274)
at org.testng.TestNG.runSuitesLocally(TestNG.java:1208)
at org.testng.TestNG.runSuites(TestNG.java:1112)
at org.testng.TestNG.run(TestNG.java:1079)
at org.testng.remote.AbstractRemoteTestNG.run(AbstractRemoteTestNG.java:115)
at org.testng.remote.RemoteTestNG.initAndRun(RemoteTestNG.java:293)
at org.testng.remote.RemoteTestNG.main(RemoteTestNG.java:91)
]]>
    </error>
  </testcase> <!-- MutualFoundLoginCheck -->
</testsuite> <!-- com.ui.test.MutualFound -->
