<?xml version="1.0" encoding="UTF-8"?>
<!-- Generated by org.testng.reporters.JUnitReportReporter -->
<testsuite hostname="VLN-01-L-198" failures="0" tests="1" name="com.ui.pages.DemoClass" time="10.211" errors="1" timestamp="2026-06-02T18:58:38 IST" skipped="0">
  <testcase classname="com.ui.pages.DemoClass" name="demoTest" time="10.211">
    <error message="An element could not be located on the page using the given search parameters.
For documentation on this error, please visit: https://www.selenium.dev/documentation/webdriver/troubleshooting/errors#nosuchelementexception
Build info: version: &#039;4.44.0&#039;, revision: &#039;da2039b&#039;
System info: os.name: &#039;Windows 11&#039;, os.arch: &#039;amd64&#039;, os.version: &#039;10.0&#039;, java.version: &#039;21.0.11&#039;
Driver info: io.appium.java_client.android.AndroidDriver
Command: [f86c8394-7c11-4348-8bf1-e3457cd859d5, findElement {value=//android.widget.Button[@content-desc=&quot;Send OTP&quot;], using=xpath}]
Capabilities {appium:appActivity: com.valuenable.las.MainActi..., appium:appPackage: com.valuenable.las.dev, appium:automationName: UiAutomator2, appium:databaseEnabled: false, appium:desired: {appActivity: com.valuenable.las.MainActi..., appPackage: com.valuenable.las.dev, automationName: UiAutomator2, deviceName: Android, noReset: true, platformName: ANDROID, udid: 9b010059305331323800d45b3428c0}, appium:deviceApiLevel: 35, appium:deviceManufacturer: Xiaomi, appium:deviceModel: 25028PC03I, appium:deviceName: 9b010059305331323800d45b3428c0, appium:deviceScreenDensity: 320, appium:deviceScreenSize: 720x1640, appium:deviceUDID: 9b010059305331323800d45b3428c0, appium:javascriptEnabled: true, appium:locationContextEnabled: false, appium:networkConnectionEnabled: true, appium:noReset: true, appium:pixelRatio: 2, appium:platformVersion: 15, appium:statBarHeight: 68, appium:takesScreenshot: true, appium:udid: 9b010059305331323800d45b3428c0, appium:viewportRect: {height: 1572, left: 0, top: 68, width: 720}, appium:warnings: {}, appium:webStorageEnabled: false, platformName: ANDROID}
Session ID: f86c8394-7c11-4348-8bf1-e3457cd859d5" type="org.openqa.selenium.NoSuchElementException">
      <![CDATA[org.openqa.selenium.NoSuchElementException: An element could not be located on the page using the given search parameters.
For documentation on this error, please visit: https://www.selenium.dev/documentation/webdriver/troubleshooting/errors#nosuchelementexception
Build info: version: '4.44.0', revision: 'da2039b'
System info: os.name: 'Windows 11', os.arch: 'amd64', os.version: '10.0', java.version: '21.0.11'
Driver info: io.appium.java_client.android.AndroidDriver
Command: [f86c8394-7c11-4348-8bf1-e3457cd859d5, findElement {value=//android.widget.Button[@content-desc="Send OTP"], using=xpath}]
Capabilities {appium:appActivity: com.valuenable.las.MainActi..., appium:appPackage: com.valuenable.las.dev, appium:automationName: UiAutomator2, appium:databaseEnabled: false, appium:desired: {appActivity: com.valuenable.las.MainActi..., appPackage: com.valuenable.las.dev, automationName: UiAutomator2, deviceName: Android, noReset: true, platformName: ANDROID, udid: 9b010059305331323800d45b3428c0}, appium:deviceApiLevel: 35, appium:deviceManufacturer: Xiaomi, appium:deviceModel: 25028PC03I, appium:deviceName: 9b010059305331323800d45b3428c0, appium:deviceScreenDensity: 320, appium:deviceScreenSize: 720x1640, appium:deviceUDID: 9b010059305331323800d45b3428c0, appium:javascriptEnabled: true, appium:locationContextEnabled: false, appium:networkConnectionEnabled: true, appium:noReset: true, appium:pixelRatio: 2, appium:platformVersion: 15, appium:statBarHeight: 68, appium:takesScreenshot: true, appium:udid: 9b010059305331323800d45b3428c0, appium:viewportRect: {height: 1572, left: 0, top: 68, width: 720}, appium:warnings: {}, appium:webStorageEnabled: false, platformName: ANDROID}
Session ID: f86c8394-7c11-4348-8bf1-e3457cd859d5
at org.openqa.selenium.remote.ErrorCodec.decode(ErrorCodec.java:169)
at org.openqa.selenium.remote.codec.w3c.W3CHttpResponseCodec.decode(W3CHttpResponseCodec.java:143)
at org.openqa.selenium.remote.codec.w3c.W3CHttpResponseCodec.decode(W3CHttpResponseCodec.java:50)
at org.openqa.selenium.remote.HttpCommandExecutor.execute(HttpCommandExecutor.java:224)
at io.appium.java_client.remote.AppiumCommandExecutor.execute(AppiumCommandExecutor.java:243)
at org.openqa.selenium.remote.RemoteWebDriver.execute(RemoteWebDriver.java:600)
at org.openqa.selenium.remote.ElementLocation$ElementFinder$2.findElement(ElementLocation.java:173)
at org.openqa.selenium.remote.ElementLocation.findElement(ElementLocation.java:60)
at org.openqa.selenium.remote.RemoteWebDriver.findElement(RemoteWebDriver.java:421)
at org.openqa.selenium.remote.RemoteWebDriver.findElement(RemoteWebDriver.java:415)
at com.ui.pages.DemoClass.demoTest(DemoClass.java:80)
at java.base/jdk.internal.reflect.DirectMethodHandleAccessor.invoke(DirectMethodHandleAccessor.java:103)
at java.base/java.lang.reflect.Method.invoke(Method.java:580)
at org.testng.internal.invokers.MethodInvocationHelper.invokeMethod(MethodInvocationHelper.java:141)
at org.testng.internal.invokers.TestInvoker.invokeMethod(TestInvoker.java:686)
at org.testng.internal.invokers.TestInvoker.invokeTestMethod(TestInvoker.java:230)
at org.testng.internal.invokers.MethodRunner.runInSequence(MethodRunner.java:63)
at org.testng.internal.invokers.TestInvoker$MethodInvocationAgent.invoke(TestInvoker.java:992)
at org.testng.internal.invokers.TestInvoker.invokeTestMethods(TestInvoker.java:203)
at org.testng.internal.invokers.TestMethodWorker.invokeTestMethods(TestMethodWorker.java:154)
at org.testng.internal.invokers.TestMethodWorker.run(TestMethodWorker.java:134)
at java.base/java.util.ArrayList.forEach(ArrayList.java:1596)
at org.testng.TestRunner.privateRun(TestRunner.java:739)
at org.testng.TestRunner.run(TestRunner.java:614)
at org.testng.SuiteRunner.runTest(SuiteRunner.java:421)
at org.testng.SuiteRunner.runSequentially(SuiteRunner.java:413)
at org.testng.SuiteRunner.privateRun(SuiteRunner.java:373)
at org.testng.SuiteRunner.run(SuiteRunner.java:312)
at org.testng.SuiteRunnerWorker.runSuite(SuiteRunnerWorker.java:52)
at org.testng.SuiteRunnerWorker.run(SuiteRunnerWorker.java:95)
at org.testng.TestNG.runSuitesSequentially(TestNG.java:1274)
at org.testng.TestNG.runSuitesLocally(TestNG.java:1208)
at org.testng.TestNG.runSuites(TestNG.java:1112)
at org.testng.TestNG.run(TestNG.java:1079)
at org.testng.remote.AbstractRemoteTestNG.run(AbstractRemoteTestNG.java:115)
at org.testng.remote.RemoteTestNG.initAndRun(RemoteTestNG.java:293)
at org.testng.remote.RemoteTestNG.main(RemoteTestNG.java:91)
]]>
    </error>
  </testcase> <!-- demoTest -->
</testsuite> <!-- com.ui.pages.DemoClass -->
